#
# There is insufficient memory for the Java Runtime Environment to continue.
# Native memory allocation (mmap) failed to map 8589934592 bytes. Error detail: committing reserved memory.
# Possible reasons:
#   The system is out of physical RAM or swap space
#   This process is running with CompressedOops enabled, and the Java Heap may be blocking the growth of the native heap
# Possible solutions:
#   Reduce memory load on the system
#   Increase physical memory or swap space
#   Check if swap backing store is full
#   Decrease Java heap size (-Xmx/-Xms)
#   Decrease number of Java threads
#   Decrease Java thread stack sizes (-Xss)
#   Set larger code cache with -XX:ReservedCodeCacheSize=
#   JVM is running with Zero Based Compressed Oops mode in which the Java heap is
#     placed in the first 32GB address space. The Java Heap base address is the
#     maximum limit for the native heap growth. Please use -XX:HeapBaseMinAddress
#     to set the Java Heap base and to place the Java Heap above 32GB virtual address.
# This output file may be truncated or incomplete.
#
#  Out of Memory Error (os_linux.cpp:2829), pid=21239, tid=21240
#
# JRE version:  (21.0.7+6) (build )
# Java VM: OpenJDK 64-Bit Server VM (21.0.7+6-LTS, mixed mode, sharing, tiered, compressed oops, compressed class ptrs, g1 gc, linux-amd64)
# Core dump will be written. Default location: Core dumps may be processed with "/usr/share/apport/apport -p%p -s%s -c%c -d%d -P%P -u%u -g%g -- %E" (or dumping to /workspaces/Pixlemon-MC/MC-Server/core.21239)
#

---------------  S U M M A R Y ------------

Command Line: -Xms8G -Xmx13G --module-path=libraries/cpw/mods/bootstraplauncher/2.0.2/bootstraplauncher-2.0.2.jar:libraries/cpw/mods/securejarhandler/3.0.8/securejarhandler-3.0.8.jar:libraries/org/ow2/asm/asm-commons/9.7/asm-commons-9.7.jar:libraries/org/ow2/asm/asm-util/9.7/asm-util-9.7.jar:libraries/org/ow2/asm/asm-analysis/9.7/asm-analysis-9.7.jar:libraries/org/ow2/asm/asm-tree/9.7/asm-tree-9.7.jar:libraries/org/ow2/asm/asm/9.7/asm-9.7.jar:libraries/net/neoforged/JarJarFileSystems/0.4.1/JarJarFileSystems-0.4.1.jar --add-modules=ALL-MODULE-PATH --add-opens=java.base/java.util.jar=cpw.mods.securejarhandler --add-opens=java.base/java.lang.invoke=cpw.mods.securejarhandler --add-exports=java.base/sun.security.util=cpw.mods.securejarhandler --add-exports=jdk.naming.dns/com.sun.jndi.dns=java.naming -Djava.net.preferIPv6Addresses=system -DignoreList=bootstraplauncher-2.0.2.jar,securejarhandler-3.0.8.jar,asm-commons-9.7.jar,asm-util-9.7.jar,asm-analysis-9.7.jar,asm-tree-9.7.jar,asm-9.7.jar,JarJarFileSystems-0.4.1.jar -Dfml.pluginLayerLibraries= -Dfml.gameLayerLibraries= -DlibraryDirectory=libraries -DlegacyClassPath=libraries/net/neoforged/fancymodloader/earlydisplay/4.0.39/earlydisplay-4.0.39.jar:libraries/net/neoforged/fancymodloader/loader/4.0.39/loader-4.0.39.jar:libraries/net/neoforged/accesstransformers/at-modlauncher/10.0.1/at-modlauncher-10.0.1.jar:libraries/net/neoforged/accesstransformers/10.0.1/accesstransformers-10.0.1.jar:libraries/net/neoforged/bus/8.0.2/bus-8.0.2.jar:libraries/net/neoforged/coremods/7.0.3/coremods-7.0.3.jar:libraries/cpw/mods/modlauncher/11.0.4/modlauncher-11.0.4.jar:libraries/net/neoforged/mergetool/2.0.0/mergetool-2.0.0-api.jar:libraries/com/electronwill/night-config/toml/3.8.2/toml-3.8.2.jar:libraries/com/electronwill/night-config/core/3.8.2/core-3.8.2.jar:libraries/net/neoforged/JarJarSelector/0.4.1/JarJarSelector-0.4.1.jar:libraries/net/neoforged/JarJarMetadata/0.4.1/JarJarMetadata-0.4.1.jar:libraries/org/apache/maven/maven-artifact/3.8.5/maven-artifact-3.8.5.jar:libraries/net/jodah/typetools/0.6.3/typetools-0.6.3.jar:libraries/net/minecrell/terminalconsoleappender/1.3.0/terminalconsoleappender-1.3.0.jar:libraries/net/fabricmc/sponge-mixin/0.15.2+mixin.0.8.7/sponge-mixin-0.15.2+mixin.0.8.7.jar:libraries/org/openjdk/nashorn/nashorn-core/15.4/nashorn-core-15.4.jar:libraries/org/apache/commons/commons-lang3/3.14.0/commons-lang3-3.14.0.jar:libraries/cpw/mods/bootstraplauncher/2.0.2/bootstraplauncher-2.0.2.jar:libraries/cpw/mods/securejarhandler/3.0.8/securejarhandler-3.0.8.jar:libraries/org/ow2/asm/asm-commons/9.7/asm-commons-9.7.jar:libraries/org/ow2/asm/asm-util/9.7/asm-util-9.7.jar:libraries/org/ow2/asm/asm-analysis/9.7/asm-analysis-9.7.jar:libraries/org/ow2/asm/asm-tree/9.7/asm-tree-9.7.jar:libraries/org/ow2/asm/asm/9.7/asm-9.7.jar:libraries/net/neoforged/JarJarFileSystems/0.4.1/JarJarFileSystems-0.4.1.jar:libraries/net/sf/jopt-simple/jopt-simple/5.0.4/jopt-simple-5.0.4.jar:libraries/org/slf4j/slf4j-api/2.0.9/slf4j-api-2.0.9.jar:libraries/org/antlr/antlr4-runtime/4.13.1/antlr4-runtime-4.13.1.jar:libraries/com/mojang/loggincpw.mods.bootstraplauncher.BootstrapLauncher --launchTarget forgeserver --fml.neoForgeVersion 21.1.172 --fml.fmlVersion 4.0.39 --fml.mcVersion 1.21.1 --fml.neoFormVersion 20240808.144430

Host: Intel(R) Xeon(R) Platinum 8370C CPU @ 2.80GHz, 2 cores, 7G, Ubuntu 24.04.2 LTS
Time: Sat Jul 12 18:32:18 2025 UTC elapsed time: 0.004771 seconds (0d 0h 0m 0s)

---------------  T H R E A D  ---------------

Current thread (0x00007f4d0402e450):  JavaThread "Unknown thread" [_thread_in_vm, id=21240, stack(0x00007f4d0a07e000,0x00007f4d0a17e000) (1024K)]

Stack: [0x00007f4d0a07e000,0x00007f4d0a17e000],  sp=0x00007f4d0a17c480,  free space=1017k
Native frames: (J=compiled Java code, j=interpreted, Vv=VM code, C=native code)
V  [libjvm.so+0x100b5e8]  VMError::report_and_die(int, char const*, char const*, __va_list_tag*, Thread*, unsigned char*, void*, void*, char const*, int, unsigned long)+0x2b8  (os_linux.cpp:2829)
V  [libjvm.so+0x100c04d]
V  [libjvm.so+0x6bc1ef]
V  [libjvm.so+0xd077b4]  os::pd_commit_memory_or_exit(char*, unsigned long, unsigned long, bool, char const*)+0xd4
V  [libjvm.so+0xd00c2d]  os::commit_memory_or_exit(char*, unsigned long, unsigned long, bool, char const*)+0x1d
V  [libjvm.so+0x81926b]  G1PageBasedVirtualSpace::commit(unsigned long, unsigned long)+0xfb
V  [libjvm.so+0x82f38f]  G1RegionsLargerThanCommitSizeMapper::commit_regions(unsigned int, unsigned long, WorkerThreads*)+0x9f
V  [libjvm.so+0x8bec65]  HeapRegionManager::commit_regions(unsigned int, unsigned long, WorkerThreads*)+0x55
V  [libjvm.so+0x8c08d2]  HeapRegionManager::expand(unsigned int, unsigned int, WorkerThreads*)+0x32
V  [libjvm.so+0x8c0afe]  HeapRegionManager::expand_by(unsigned int, WorkerThreads*)+0x7e
V  [libjvm.so+0x7d373f]  G1CollectedHeap::expand(unsigned long, WorkerThreads*, double*)+0xff
V  [libjvm.so+0x7d3d54]  G1CollectedHeap::initialize()+0x5c4
V  [libjvm.so+0xfad8c6]  universe_init()+0xd6
V  [libjvm.so+0x8df227]  init_globals()+0x37
V  [libjvm.so+0xf8cbd5]  Threads::create_vm(JavaVMInitArgs*, bool*)+0x2b5
V  [libjvm.so+0x9b9dbf]  JNI_CreateJavaVM+0x4f
C  [libjli.so+0x42bb]  JavaMain+0x8b
C  [libjli.so+0x7e09]  ThreadJavaMain+0x9
C  [libc.so.6+0x9caa4]

---------------  P R O C E S S  ---------------

Threads class SMR info:
_java_thread_list=0x00007f4d0b7ded40, length=0, elements={
}

Java Threads: ( => current thread )
Total: 0

Other Threads:
  0x00007f4d04056570 WorkerThread "GC Thread#0"                     [id=21241, stack(0x00007f4d09a79000,0x00007f4d09b79000) (1024K)]
  0x00007f4d04064b30 ConcurrentGCThread "G1 Main Marker"            [id=21242, stack(0x00007f4d09978000,0x00007f4d09a78000) (1024K)]
  0x00007f4d04065ad0 WorkerThread "G1 Conc#0"                       [id=21243, stack(0x00007f4d09877000,0x00007f4d09977000) (1024K)]

[error occurred during error reporting (printing all threads), id 0xb, SIGSEGV (0xb) at pc=0x00007f4d0aa58690]
VM state: not at safepoint (not fully initialized)

VM Mutex/Monitor currently owned by a thread:  ([mutex/lock_event])
[0x00007f4d0b7b8c70] Heap_lock - owner thread: 0x00007f4d0402e450

Heap address: 0x00000004c0000000, size: 13312 MB, Compressed Oops mode: Zero based, Oop shift amount: 3

CDS archive(s) mapped at: [0x0000000000000000-0x0000000000000000-0x0000000000000000), size 0, SharedBaseAddress: 0x0000000800000000, ArchiveRelocationMode: 1.
Narrow klass base: 0x0000000000000000, Narrow klass shift: 0, Narrow klass range: 0x0

GC Precious Log:
 CardTable entry size: 512
 Card Set container configuration: InlinePtr #cards 4 size 8 Array Of Cards #cards 64 size 144 Howl #buckets 8 coarsen threshold 14745 Howl Bitmap #cards 2048 size 272 coarsen threshold 1843 Card regions per heap region 1 cards per card region 16384

Heap:
 garbage-first heap   total 0K, used 0K [0x00000004c0000000, 0x0000000800000000)
  region size 8192K, 0 young (0K), 0 survivors (0K)

[error occurred during error reporting (printing heap information), id 0xb, SIGSEGV (0xb) at pc=0x00007f4d0b01ef2a]
GC Heap History (0 events):
No events

Dll operation events (1 events):
Event: 0.002 Loaded shared library /usr/local/sdkman/candidates/java/21.0.7-ms/lib/libjava.so

Deoptimization events (0 events):
No events

Classes loaded (0 events):
No events

Classes unloaded (0 events):
No events

Classes redefined (0 events):
No events

Internal exceptions (0 events):
No events

ZGC Phase Switch (0 events):
No events

VM Operations (0 events):
No events

Memory protections (1 events):
Event: 0.002 Protecting memory [0x00007f4d0a07e000,0x00007f4d0a082000] with protection modes 0

Nmethod flushes (0 events):
No events

Events (0 events):
No events


Dynamic libraries:
6c0000000-800000000 ---p 00000000 00:00 0 
5aa287534000-5aa287535000 r-xp 00000000 00:2a 265987                     /usr/local/sdkman/candidates/java/21.0.7-ms/bin/java
5aa287536000-5aa287537000 r--p 00001000 00:2a 265987                     /usr/local/sdkman/candidates/java/21.0.7-ms/bin/java
5aa287537000-5aa287538000 rw-p 00002000 00:2a 265987                     /usr/local/sdkman/candidates/java/21.0.7-ms/bin/java
5aa2ba936000-5aa2ba97e000 rw-p 00000000 00:00 0                          [heap]
7f4cce000000-7f4cd0021000 rw-p 00000000 00:00 0 
7f4cd0021000-7f4cd4000000 ---p 00000000 00:00 0 
7f4cd4000000-7f4cd4021000 rw-p 00000000 00:00 0 
7f4cd4021000-7f4cd8000000 ---p 00000000 00:00 0 
7f4cd8000000-7f4cd8021000 rw-p 00000000 00:00 0 
7f4cd8021000-7f4cdc000000 ---p 00000000 00:00 0 
7f4cdc400000-7f4cec800000 ---p 00000000 00:00 0 
7f4cec800000-7f4ceca70000 rwxp 00000000 00:00 0 
7f4ceca70000-7f4cf3d38000 ---p 00000000 00:00 0 
7f4cf3d38000-7f4cf3fa8000 rwxp 00000000 00:00 0 
7f4cf3fa8000-7f4cf42c7000 ---p 00000000 00:00 0 
7f4cf42c7000-7f4cf4537000 rwxp 00000000 00:00 0 
7f4cf4537000-7f4cfb800000 ---p 00000000 00:00 0 
7f4cfb88a000-7f4d04000000 r--s 00000000 00:2a 266474                     /usr/local/sdkman/candidates/java/21.0.7-ms/lib/modules
7f4d04000000-7f4d04098000 rw-p 00000000 00:00 0 
7f4d04098000-7f4d08000000 ---p 00000000 00:00 0 
7f4d09209000-7f4d09876000 rw-p 00000000 00:00 0 
7f4d09876000-7f4d09877000 ---p 00000000 00:00 0 
7f4d09877000-7f4d09977000 rw-p 00000000 00:00 0 
7f4d09977000-7f4d09978000 ---p 00000000 00:00 0 
7f4d09978000-7f4d09a78000 rw-p 00000000 00:00 0 
7f4d09a78000-7f4d09a79000 ---p 00000000 00:00 0 
7f4d09a79000-7f4d09b79000 rw-p 00000000 00:00 0 
7f4d09b79000-7f4d09e56000 rw-p 00000000 00:00 0 
7f4d09e56000-7f4d09f3c000 ---p 00000000 00:00 0 
7f4d09f3c000-7f4d09f41000 rw-p 00000000 00:00 0 
7f4d09f41000-7f4d0a027000 ---p 00000000 00:00 0 
7f4d0a027000-7f4d0a02c000 rw-p 00000000 00:00 0 
7f4d0a02c000-7f4d0a033000 ---p 00000000 00:00 0 
7f4d0a033000-7f4d0a053000 r-xp 00000000 00:2a 266449                     /usr/local/sdkman/candidates/java/21.0.7-ms/lib/libjava.so
7f4d0a053000-7f4d0a054000 ---p 00020000 00:2a 266449                     /usr/local/sdkman/candidates/java/21.0.7-ms/lib/libjava.so
7f4d0a054000-7f4d0a055000 r--p 00020000 00:2a 266449                     /usr/local/sdkman/candidates/java/21.0.7-ms/lib/libjava.so
7f4d0a055000-7f4d0a056000 rw-p 00021000 00:2a 266449                     /usr/local/sdkman/candidates/java/21.0.7-ms/lib/libjava.so
7f4d0a056000-7f4d0a057000 rw-p 00000000 00:00 0 
7f4d0a057000-7f4d0a05f000 rw-s 00000000 08:21 262153                     /tmp/hsperfdata_root/21239
7f4d0a05f000-7f4d0a07a000 r-xp 00000000 00:2a 266453                     /usr/local/sdkman/candidates/java/21.0.7-ms/lib/libjimage.so
7f4d0a07a000-7f4d0a07b000 ---p 0001b000 00:2a 266453                     /usr/local/sdkman/candidates/java/21.0.7-ms/lib/libjimage.so
7f4d0a07b000-7f4d0a07d000 r--p 0001b000 00:2a 266453                     /usr/local/sdkman/candidates/java/21.0.7-ms/lib/libjimage.so
7f4d0a07d000-7f4d0a07e000 rw-p 0001d000 00:2a 266453                     /usr/local/sdkman/candidates/java/21.0.7-ms/lib/libjimage.so
7f4d0a07e000-7f4d0a082000 ---p 00000000 00:00 0 
7f4d0a082000-7f4d0a17e000 rw-p 00000000 00:00 0 
7f4d0a17e000-7f4d0a18e000 r--p 00000000 00:2a 1180578                    /usr/lib/x86_64-linux-gnu/libm.so.6
7f4d0a18e000-7f4d0a20d000 r-xp 00010000 00:2a 1180578                    /usr/lib/x86_64-linux-gnu/libm.so.6
7f4d0a20d000-7f4d0a265000 r--p 0008f000 00:2a 1180578                    /usr/lib/x86_64-linux-gnu/libm.so.6
7f4d0a265000-7f4d0a266000 r--p 000e7000 00:2a 1180578                    /usr/lib/x86_64-linux-gnu/libm.so.6
7f4d0a266000-7f4d0a267000 rw-p 000e8000 00:2a 1180578                    /usr/lib/x86_64-linux-gnu/libm.so.6
7f4d0a267000-7f4d0a268000 r--p 00000000 00:2a 1180617                    /usr/lib/x86_64-linux-gnu/librt.so.1
7f4d0a268000-7f4d0a269000 r-xp 00001000 00:2a 1180617                    /usr/lib/x86_64-linux-gnu/librt.so.1
7f4d0a269000-7f4d0a26a000 r--p 00002000 00:2a 1180617                    /usr/lib/x86_64-linux-gnu/librt.so.1
7f4d0a26a000-7f4d0a26b000 r--p 00002000 00:2a 1180617                    /usr/lib/x86_64-linux-gnu/librt.so.1
7f4d0a26b000-7f4d0a26c000 rw-p 00003000 00:2a 1180617                    /usr/lib/x86_64-linux-gnu/librt.so.1
7f4d0a26c000-7f4d0b682000 r-xp 00000000 00:2a 266486                     /usr/local/sdkman/candidates/java/21.0.7-ms/lib/server/libjvm.so
7f4d0b682000-7f4d0b683000 ---p 01416000 00:2a 266486                     /usr/local/sdkman/candidates/java/21.0.7-ms/lib/server/libjvm.so
7f4d0b683000-7f4d0b757000 r--p 01416000 00:2a 266486                     /usr/local/sdkman/candidates/java/21.0.7-ms/lib/server/libjvm.so
7f4d0b757000-7f4d0b787000 rw-p 014ea000 00:2a 266486                     /usr/local/sdkman/candidates/java/21.0.7-ms/lib/server/libjvm.so
7f4d0b787000-7f4d0b7f1000 rw-p 00000000 00:00 0 
7f4d0b7f1000-7f4d0b819000 r--p 00000000 00:2a 1180536                    /usr/lib/x86_64-linux-gnu/libc.so.6
7f4d0b819000-7f4d0b9a1000 r-xp 00028000 00:2a 1180536                    /usr/lib/x86_64-linux-gnu/libc.so.6
7f4d0b9a1000-7f4d0b9f0000 r--p 001b0000 00:2a 1180536                    /usr/lib/x86_64-linux-gnu/libc.so.6
7f4d0b9f0000-7f4d0b9f4000 r--p 001fe000 00:2a 1180536                    /usr/lib/x86_64-linux-gnu/libc.so.6
7f4d0b9f4000-7f4d0b9f6000 rw-p 00202000 00:2a 1180536                    /usr/lib/x86_64-linux-gnu/libc.so.6
7f4d0b9f6000-7f4d0ba03000 rw-p 00000000 00:00 0 
7f4d0ba03000-7f4d0ba04000 r--p 00000000 00:2a 1180550                    /usr/lib/x86_64-linux-gnu/libdl.so.2
7f4d0ba04000-7f4d0ba05000 r-xp 00001000 00:2a 1180550                    /usr/lib/x86_64-linux-gnu/libdl.so.2
7f4d0ba05000-7f4d0ba06000 r--p 00002000 00:2a 1180550                    /usr/lib/x86_64-linux-gnu/libdl.so.2
7f4d0ba06000-7f4d0ba07000 r--p 00002000 00:2a 1180550                    /usr/lib/x86_64-linux-gnu/libdl.so.2
7f4d0ba07000-7f4d0ba08000 rw-p 00003000 00:2a 1180550                    /usr/lib/x86_64-linux-gnu/libdl.so.2
7f4d0ba08000-7f4d0ba09000 r--p 00000000 00:2a 1180615                    /usr/lib/x86_64-linux-gnu/libpthread.so.0
7f4d0ba09000-7f4d0ba0a000 r-xp 00001000 00:2a 1180615                    /usr/lib/x86_64-linux-gnu/libpthread.so.0
7f4d0ba0a000-7f4d0ba0b000 r--p 00002000 00:2a 1180615                    /usr/lib/x86_64-linux-gnu/libpthread.so.0
7f4d0ba0b000-7f4d0ba0c000 r--p 00002000 00:2a 1180615                    /usr/lib/x86_64-linux-gnu/libpthread.so.0
7f4d0ba0c000-7f4d0ba0d000 rw-p 00003000 00:2a 1180615                    /usr/lib/x86_64-linux-gnu/libpthread.so.0
7f4d0ba0d000-7f4d0ba1b000 r-xp 00000000 00:2a 266454                     /usr/local/sdkman/candidates/java/21.0.7-ms/lib/libjli.so
7f4d0ba1b000-7f4d0ba1c000 ---p 0000e000 00:2a 266454                     /usr/local/sdkman/candidates/java/21.0.7-ms/lib/libjli.so
7f4d0ba1c000-7f4d0ba1d000 r--p 0000e000 00:2a 266454                     /usr/local/sdkman/candidates/java/21.0.7-ms/lib/libjli.so
7f4d0ba1d000-7f4d0ba1e000 rw-p 0000f000 00:2a 266454                     /usr/local/sdkman/candidates/java/21.0.7-ms/lib/libjli.so
7f4d0ba1e000-7f4d0ba20000 r--p 00000000 00:2a 1180649                    /usr/lib/x86_64-linux-gnu/libz.so.1.3
7f4d0ba20000-7f4d0ba32000 r-xp 00002000 00:2a 1180649                    /usr/lib/x86_64-linux-gnu/libz.so.1.3
7f4d0ba32000-7f4d0ba38000 r--p 00014000 00:2a 1180649                    /usr/lib/x86_64-linux-gnu/libz.so.1.3
7f4d0ba38000-7f4d0ba39000 r--p 0001a000 00:2a 1180649                    /usr/lib/x86_64-linux-gnu/libz.so.1.3
7f4d0ba39000-7f4d0ba3a000 rw-p 0001b000 00:2a 1180649                    /usr/lib/x86_64-linux-gnu/libz.so.1.3
7f4d0ba3e000-7f4d0ba3f000 ---p 00000000 00:00 0 
7f4d0ba3f000-7f4d0ba40000 r--p 00000000 00:00 0 
7f4d0ba40000-7f4d0ba41000 ---p 00000000 00:00 0 
7f4d0ba41000-7f4d0ba43000 rw-p 00000000 00:00 0 
7f4d0ba43000-7f4d0ba44000 r--p 00000000 00:2a 1180516                    /usr/lib/x86_64-linux-gnu/ld-linux-x86-64.so.2
7f4d0ba44000-7f4d0ba6f000 r-xp 00001000 00:2a 1180516                    /usr/lib/x86_64-linux-gnu/ld-linux-x86-64.so.2
7f4d0ba6f000-7f4d0ba79000 r--p 0002c000 00:2a 1180516                    /usr/lib/x86_64-linux-gnu/ld-linux-x86-64.so.2
7f4d0ba79000-7f4d0ba7b000 r--p 00036000 00:2a 1180516                    /usr/lib/x86_64-linux-gnu/ld-linux-x86-64.so.2
7f4d0ba7b000-7f4d0ba7d000 rw-p 00038000 00:2a 1180516                    /usr/lib/x86_64-linux-gnu/ld-linux-x86-64.so.2
7ffdddbad000-7ffdddbcf000 rw-p 00000000 00:00 0                          [stack]
7ffdddbdc000-7ffdddbe0000 r--p 00000000 00:00 0                          [vvar]
7ffdddbe0000-7ffdddbe2000 r-xp 00000000 00:00 0                          [vdso]
ffffffffff600000-ffffffffff601000 --xp 00000000 00:00 0                  [vsyscall]
Total number of mappings: 99


VM Arguments:
jvm_args: -Xms8G -Xmx13G --module-path=libraries/cpw/mods/bootstraplauncher/2.0.2/bootstraplauncher-2.0.2.jar:libraries/cpw/mods/securejarhandler/3.0.8/securejarhandler-3.0.8.jar:libraries/org/ow2/asm/asm-commons/9.7/asm-commons-9.7.jar:libraries/org/ow2/asm/asm-util/9.7/asm-util-9.7.jar:libraries/org/ow2/asm/asm-analysis/9.7/asm-analysis-9.7.jar:libraries/org/ow2/asm/asm-tree/9.7/asm-tree-9.7.jar:libraries/org/ow2/asm/asm/9.7/asm-9.7.jar:libraries/net/neoforged/JarJarFileSystems/0.4.1/JarJarFileSystems-0.4.1.jar --add-modules=ALL-MODULE-PATH --add-opens=java.base/java.util.jar=cpw.mods.securejarhandler --add-opens=java.base/java.lang.invoke=cpw.mods.securejarhandler --add-exports=java.base/sun.security.util=cpw.mods.securejarhandler --add-exports=jdk.naming.dns/com.sun.jndi.dns=java.naming -Djava.net.preferIPv6Addresses=system -DignoreList=bootstraplauncher-2.0.2.jar,securejarhandler-3.0.8.jar,asm-commons-9.7.jar,asm-util-9.7.jar,asm-analysis-9.7.jar,asm-tree-9.7.jar,asm-9.7.jar,JarJarFileSystems-0.4.1.jar -Dfml.pluginLayerLibraries= -Dfml.gameLayerLibraries= -DlibraryDirectory=libraries -DlegacyClassPath=libraries/net/neoforged/fancymodloader/earlydisplay/4.0.39/earlydisplay-4.0.39.jar:libraries/net/neoforged/fancymodloader/loader/4.0.39/loader-4.0.39.jar:libraries/net/neoforged/accesstransformers/at-modlauncher/10.0.1/at-modlauncher-10.0.1.jar:libraries/net/neoforged/accesstransformers/10.0.1/accesstransformers-10.0.1.jar:libraries/net/neoforged/bus/8.0.2/bus-8.0.2.jar:libraries/net/neoforged/coremods/7.0.3/coremods-7.0.3.jar:libraries/cpw/mods/modlauncher/11.0.4/modlauncher-11.0.4.jar:libraries/net/neoforged/mergetool/2.0.0/mergetool-2.0.0-api.jar:libraries/com/electronwill/night-config/toml/3.8.2/toml-3.8.2.jar:libraries/com/electronwill/night-config/core/3.8.2/core-3.8.2.jar:libraries/net/neoforged/JarJarSelector/0.4.1/JarJarSelector-0.4.1.jar:libraries/net/neoforged/JarJarMetadata/0.4.1/JarJarMetadata-0.4.1.jar:libraries/org/apache/maven/maven-artifact/3.8.5/maven-artifact-3.8.5.jar:libraries/net/jodah/typetools/0.6.3/typetools-0.6.3.jar:libraries/net/minecrell/terminalconsoleappender/1.3.0/terminalconsoleappender-1.3.0.jar:libraries/net/fabricmc/sponge-mixin/0.15.2+mixin.0.8.7/sponge-mixin-0.15.2+mixin.0.8.7.jar:libraries/org/openjdk/nashorn/nashorn-core/15.4/nashorn-core-15.4.jar:libraries/org/apache/commons/commons-lang3/3.14.0/commons-lang3-3.14.0.jar:libraries/cpw/mods/bootstraplauncher/2.0.2/bootstraplauncher-2.0.2.jar:libraries/cpw/mods/securejarhandler/3.0.8/securejarhandler-3.0.8.jar:libraries/org/ow2/asm/asm-commons/9.7/asm-commons-9.7.jar:libraries/org/ow2/asm/asm-util/9.7/asm-util-9.7.jar:libraries/org/ow2/asm/asm-analysis/9.7/asm-analysis-9.7.jar:libraries/org/ow2/asm/asm-tree/9.7/asm-tree-9.7.jar:libraries/org/ow2/asm/asm/9.7/asm-9.7.jar:libraries/net/neoforged/JarJarFileSystems/0.4.1/JarJarFileSystems-0.4.1.jar:libraries/net/sf/jopt-simple/jopt-simple/5.0.4/jopt-simple-5.0.4.jar:libraries/org/slf4j/slf4j-api/2.0.9/slf4j-api-2.0.9.jar:libraries/org/antlr/antlr4-runtime/4.13.1/antlr4-runtime-4.13.1.jar:libraries/com/mojang/loggin
java_command: cpw.mods.bootstraplauncher.BootstrapLauncher --launchTarget forgeserver --fml.neoForgeVersion 21.1.172 --fml.fmlVersion 4.0.39 --fml.mcVersion 1.21.1 --fml.neoFormVersion 20240808.144430
java_class_path (initial): .
Launcher Type: SUN_STANDARD

[Global flags]
     intx CICompilerCount                          = 2                                         {product} {ergonomic}
     uint ConcGCThreads                            = 1                                         {product} {ergonomic}
     uint G1ConcRefinementThreads                  = 2                                         {product} {ergonomic}
   size_t G1HeapRegionSize                         = 8388608                                   {product} {ergonomic}
    uintx GCDrainStackTargetSize                   = 64                                        {product} {ergonomic}
   size_t InitialHeapSize                          = 8589934592                                {product} {command line}
   size_t MarkStackSize                            = 4194304                                   {product} {ergonomic}
   size_t MaxHeapSize                              = 13958643712                               {product} {command line}
   size_t MinHeapDeltaBytes                        = 8388608                                   {product} {ergonomic}
   size_t MinHeapSize                              = 8589934592                                {product} {command line}
    uintx NonNMethodCodeHeapSize                   = 5826188                                {pd product} {ergonomic}
    uintx NonProfiledCodeHeapSize                  = 122916026                              {pd product} {ergonomic}
    uintx ProfiledCodeHeapSize                     = 122916026                              {pd product} {ergonomic}
    uintx ReservedCodeCacheSize                    = 251658240                              {pd product} {ergonomic}
     bool SegmentedCodeCache                       = true                                      {product} {ergonomic}
   size_t SoftMaxHeapSize                          = 13958643712                            {manageable} {ergonomic}
     bool UseCompressedOops                        = true                           {product lp64_product} {ergonomic}
     bool UseG1GC                                  = true                                      {product} {ergonomic}

Logging:
Log output configuration:
 #0: stdout all=warning uptime,level,tags foldmultilines=false
 #1: stderr all=off uptime,level,tags foldmultilines=false

Environment Variables:
JAVA_HOME=/usr/local/sdkman/candidates/java/current
PATH=/home/codespace/.dotnet:/home/codespace/nvm/current/bin:/home/codespace/.php/current/bin:/home/codespace/.python/current/bin:/home/codespace/java/current/bin:/home/codespace/.ruby/current/bin:/usr/local/sbin:/usr/local/bin:/usr/sbin:/usr/bin:/sbin:/bin:/usr/local/bin:/usr/local/share:/home/codespace/.local/bin:/home/codespace/.dotnet:/home/codespace/nvm/current/bin:/home/codespace/.php/current/bin:/home/codespace/.python/current/bin:/home/codespace/java/current/bin:/home/codespace/.ruby/current/bin:/home/codespace/.local/bin:/usr/local/python/current/bin:/usr/local/py-utils/bin:/usr/local/jupyter:/usr/local/oryx:/usr/local/go/bin:/go/bin:/usr/local/sdkman/bin:/usr/local/sdkman/candidates/java/current/bin:/usr/local/sdkman/candidates/gradle/current/bin:/usr/local/sdkman/candidates/maven/current/bin:/usr/local/sdkman/candidates/ant/current/bin:/usr/local/rvm/gems/default/bin:/usr/local/rvm/gems/default@global/bin:/usr/local/rvm/rubies/default/bin:/usr/local/share/rbenv/bin:/usr/local/php/current/bin:/opt/conda/bin:/usr/local/nvs:/usr/local/share/nvm/current/bin:/usr/local/hugo/bin:/usr/local/sbin:/usr/local/bin:/usr/sbin:/usr/bin:/sbin:/bin:/usr/share/dotnet:~/.dotnet/tools
SHELL=/bin/bash
LANG=C.UTF-8
TERM=xterm-256color

Active Locale:
LC_ALL=C
LC_COLLATE=C
LC_CTYPE=C
LC_MESSAGES=C
LC_MONETARY=C
LC_NUMERIC=C
LC_TIME=C

Signal Handlers:
   SIGSEGV: crash_handler in libjvm.so, mask=11100100010111111101111111111110, flags=SA_RESTART|SA_SIGINFO, unblocked
    SIGBUS: crash_handler in libjvm.so, mask=11100100010111111101111111111110, flags=SA_RESTART|SA_SIGINFO, unblocked
    SIGFPE: crash_handler in libjvm.so, mask=11100100010111111101111111111110, flags=SA_RESTART|SA_SIGINFO, unblocked
   SIGPIPE: javaSignalHandler in libjvm.so, mask=11100100010111111101111111111110, flags=SA_RESTART|SA_SIGINFO, blocked
   SIGXFSZ: javaSignalHandler in libjvm.so, mask=11100100010111111101111111111110, flags=SA_RESTART|SA_SIGINFO, blocked
    SIGILL: crash_handler in libjvm.so, mask=11100100010111111101111111111110, flags=SA_RESTART|SA_SIGINFO, unblocked
   SIGUSR2: SR_handler in libjvm.so, mask=00000000000000000000000000000000, flags=SA_RESTART|SA_SIGINFO, blocked
    SIGHUP: SIG_DFL, mask=00000000000000000000000000000000, flags=none, blocked
    SIGINT: SIG_DFL, mask=00000000000000000000000000000000, flags=none, blocked
   SIGTERM: SIG_DFL, mask=00000000000000000000000000000000, flags=none, blocked
   SIGQUIT: UserHandler in libjvm.so, mask=11100100010111111101111111111110, flags=SA_RESTART|SA_SIGINFO, blocked
   SIGTRAP: crash_handler in libjvm.so, mask=11100100010111111101111111111110, flags=SA_RESTART|SA_SIGINFO, unblocked


Periodic native trim disabled

---------------  S Y S T E M  ---------------

OS:
DISTRIB_ID=Ubuntu
DISTRIB_RELEASE=24.04
DISTRIB_CODENAME=noble
DISTRIB_DESCRIPTION="Ubuntu 24.04.2 LTS"
uname: Linux 6.8.0-1027-azure #32~22.04.1-Ubuntu SMP Thu Apr  3 20:26:27 UTC 2025 x86_64
OS uptime: 0 days 0:35 hours
libc: glibc 2.39 NPTL 2.39 
rlimit (soft/hard): STACK 8192k/infinity , CORE 0k/0k , NPROC infinity/infinity , NOFILE 1048576/1048576 , AS infinity/infinity , CPU infinity/infinity , DATA infinity/infinity , FSIZE infinity/infinity , MEMLOCK 8192k/8192k
load average: 0.26 0.62 0.94

/proc/meminfo:
MemTotal:        8128188 kB
MemFree:          939360 kB
MemAvailable:    6284512 kB
Buffers:           81696 kB
Cached:          5420384 kB
SwapCached:            0 kB
Active:          2349916 kB
Inactive:        4334024 kB
Active(anon):     935548 kB
Inactive(anon):   318332 kB
Active(file):    1414368 kB
Inactive(file):  4015692 kB
Unevictable:       27852 kB
Mlocked:           27852 kB
SwapTotal:             0 kB
SwapFree:              0 kB
Zswap:                 0 kB
Zswapped:              0 kB
Dirty:              4712 kB
Writeback:             0 kB
AnonPages:       1177560 kB
Mapped:           537504 kB
Shmem:             62812 kB
KReclaimable:     228700 kB
Slab:             326456 kB
SReclaimable:     228700 kB
SUnreclaim:        97756 kB
KernelStack:        7536 kB
PageTables:        22192 kB
SecPageTables:         0 kB
NFS_Unstable:          0 kB
Bounce:                0 kB
WritebackTmp:          0 kB
CommitLimit:     4064092 kB
Committed_AS:    3295312 kB
VmallocTotal:   13743895347199 kB
VmallocUsed:       44688 kB
VmallocChunk:          0 kB
Percpu:             1160 kB
HardwareCorrupted:     0 kB
AnonHugePages:    561152 kB
ShmemHugePages:        0 kB
ShmemPmdMapped:        0 kB
FileHugePages:         0 kB
FilePmdMapped:         0 kB
Unaccepted:            0 kB
HugePages_Total:       0
HugePages_Free:        0
HugePages_Rsvd:        0
HugePages_Surp:        0
Hugepagesize:       2048 kB
Hugetlb:               0 kB
DirectMap4k:      141248 kB
DirectMap2M:     4052992 kB
DirectMap1G:     6291456 kB

/sys/kernel/mm/transparent_hugepage/enabled: [always] madvise never
/sys/kernel/mm/transparent_hugepage/hpage_pmd_size: 2097152
/sys/kernel/mm/transparent_hugepage/defrag (defrag/compaction efforts parameter): always defer defer+madvise [madvise] never

Process Memory:
Virtual Size: 6230372K (peak: 14614456K)
Resident Set Size: 20608K (peak: 20608K) (anon: 7040K, file: 13568K, shmem: 0K)
Swapped out: 0K
C-Heap outstanding allocations: 9975K, retained: 600K
glibc malloc tunables: (default)

/proc/sys/kernel/threads-max (system-wide limit on the number of threads): 63458
/proc/sys/vm/max_map_count (maximum number of memory map areas a process may have): 65530
/proc/sys/vm/swappiness (control to define how aggressively the kernel swaps out anonymous memory): 60
/proc/sys/kernel/pid_max (system-wide limit on number of process identifiers): 4194304

container (cgroup) information:
container_type: cgroupv2
cpu_cpuset_cpus: not supported
cpu_memory_nodes: not supported
active_processor_count: 2
cpu_quota: no quota
cpu_period: 100000
cpu_shares: no shares
memory_limit_in_bytes: unlimited
memory_and_swap_limit_in_bytes: unlimited
memory_soft_limit_in_bytes: unlimited
memory_usage_in_bytes: 3130984 k
memory_max_usage_in_bytes: not supported
memory_swap_current_in_bytes: unlimited
memory_swap_max_limit_in_bytes: unlimited
maximum number of tasks: unlimited
current number of tasks: 103

Hyper-V virtualization detected
Steal ticks since vm start: 0
Steal ticks percentage since vm start:  0.000

CPU: total 2 (initial active 2) (1 cores per cpu, 2 threads per core) family 6 model 106 stepping 6 microcode 0xffffffff, cx8, cmov, fxsr, ht, mmx, 3dnowpref, sse, sse2, sse3, ssse3, sse4.1, sse4.2, popcnt, lzcnt, tsc, tscinvbit, avx, avx2, aes, erms, clmul, bmi1, bmi2, rtm, adx, avx512f, avx512dq, avx512cd, avx512bw, avx512vl, sha, fma, vzeroupper, avx512_vpopcntdq, avx512_vpclmulqdq, avx512_vaes, avx512_vnni, clflush, clflushopt, clwb, avx512_vbmi2, avx512_vbmi, hv, rdtscp, rdpid, fsrm, gfni, avx512_bitalg, f16c, avx512_ifma
CPU Model and flags from /proc/cpuinfo:
model name	: Intel(R) Xeon(R) Platinum 8370C CPU @ 2.80GHz
flags		: fpu vme de pse tsc msr pae mce cx8 apic sep mtrr pge mca cmov pat pse36 clflush mmx fxsr sse sse2 ss ht syscall nx pdpe1gb rdtscp lm constant_tsc rep_good nopl xtopology tsc_reliable nonstop_tsc cpuid aperfmperf tsc_known_freq pni pclmulqdq vmx ssse3 fma cx16 pcid sse4_1 sse4_2 movbe popcnt tsc_deadline_timer aes xsave avx f16c rdrand hypervisor lahf_lm abm 3dnowprefetch tpr_shadow ept vpid ept_ad fsgsbase tsc_adjust bmi1 hle avx2 smep bmi2 erms invpcid rtm avx512f avx512dq rdseed adx smap avx512ifma clflushopt clwb avx512cd sha_ni avx512bw avx512vl xsaveopt xsavec xgetbv1 xsaves vnmi avx512vbmi umip avx512_vbmi2 gfni vaes vpclmulqdq avx512_vnni avx512_bitalg avx512_vpopcntdq la57 rdpid fsrm arch_capabilities

Online cpus: 0-1
Offline cpus: 
BIOS frequency limitation: <Not Available>
Frequency switch latency (ns): 20000
Available cpu frequencies: <Not Available>
Current governor: performance
Core performance/turbo boost: <Not Available>

Memory: 4k page, physical 8128188k(6284512k free), swap 0k(0k free)
Page Sizes: 4k

vm_info: OpenJDK 64-Bit Server VM (21.0.7+6-LTS) for linux-amd64 JRE (21.0.7+6-LTS), built on 2025-04-09T22:25:01Z by "MicrosoftCorporation" with gcc 11.3.0

END.
